<?xml version="1.0" encoding="UTF-8"?>
<!-- Generated by org.testng.reporters.JUnitReportReporter -->
<testsuite skipped="0" hostname="vicky-PC" name="com.db.qa.testCases.WithdrawPageTest" tests="1" failures="0" timestamp="2020-06-14T11:15:24 IST" time="102.179" errors="0">
  <testcase name="verifyWithdrawFromAccountTest" time="102.179" classname="com.db.qa.testCases.WithdrawPageTest"/>
  <system-out/>
</testsuite> <!-- com.db.qa.testCases.WithdrawPageTest -->
