<?xml version="1.0" encoding="UTF-8"?>
<!-- Generated by org.testng.reporters.JUnitReportReporter -->
<testsuite skipped="0" hostname="vicky-PC" name="com.db.qa.testCases.DepositPageTest" tests="3" failures="0" timestamp="2020-06-13T20:44:36 IST" time="105.356" errors="0">
  <testcase name="verifyDepositURLTest" time="25.621" classname="com.db.qa.testCases.DepositPageTest"/>
  <system-out/>
  <testcase name="verifyTextTest" time="20.994" classname="com.db.qa.testCases.DepositPageTest"/>
  <system-out/>
  <testcase name="addDepositInToAccount" time="58.741" classname="com.db.qa.testCases.DepositPageTest"/>
  <system-out/>
</testsuite> <!-- com.db.qa.testCases.DepositPageTest -->
