<?xml version="1.0" encoding="UTF-8"?>
<!-- Generated by org.testng.reporters.JUnitReportReporter -->
<testsuite skipped="0" hostname="vicky-PC" name="com.db.qa.testCases.LoginPageTest" tests="3" failures="0" timestamp="2020-06-14T14:42:31 IST" time="58.211" errors="0">
  <testcase name="validatePageURL" time="8.799" classname="com.db.qa.testCases.LoginPageTest"/>
  <system-out/>
  <testcase name="validatePageTitle" time="33.708" classname="com.db.qa.testCases.LoginPageTest"/>
  <system-out/>
  <testcase name="loginTest" time="15.704" classname="com.db.qa.testCases.LoginPageTest"/>
  <system-out/>
</testsuite> <!-- com.db.qa.testCases.LoginPageTest -->
