<?xml version="1.0" encoding="UTF-8"?>
<!-- Generated by org.testng.reporters.JUnitReportReporter -->
<testsuite skipped="0" hostname="vicky-PC" name="com.db.qa.testCases.NewSavingPageTest" tests="4" failures="0" timestamp="2020-06-13T18:21:40 IST" time="111.115" errors="0">
  <testcase name="verifyNewSavingAccountURL" time="23.340" classname="com.db.qa.testCases.NewSavingPageTest"/>
  <system-out/>
  <testcase name="verifyTextOnNewSavingAccountPage" time="23.862" classname="com.db.qa.testCases.NewSavingPageTest"/>
  <system-out/>
  <testcase name="addSavingAccountTest" time="31.436" classname="com.db.qa.testCases.NewSavingPageTest"/>
  <system-out/>
  <testcase name="addSavingAccountTest" time="32.477" classname="com.db.qa.testCases.NewSavingPageTest"/>
  <system-out/>
</testsuite> <!-- com.db.qa.testCases.NewSavingPageTest -->
