<?xml version="1.0" encoding="UTF-8"?>
<!-- Generated by org.testng.reporters.JUnitReportReporter -->
<testsuite skipped="0" hostname="vicky-PC" name="com.db.qa.testCases.DepositPageTest" tests="3" failures="0" timestamp="2020-06-14T11:50:02 IST" time="96.469" errors="0">
  <testcase name="verifyDepositURLTest" time="21.467" classname="com.db.qa.testCases.DepositPageTest"/>
  <system-out/>
  <testcase name="verifyTextTest" time="19.419" classname="com.db.qa.testCases.DepositPageTest"/>
  <system-out/>
  <testcase name="addDepositInToAccount" time="55.583" classname="com.db.qa.testCases.DepositPageTest"/>
  <system-out/>
</testsuite> <!-- com.db.qa.testCases.DepositPageTest -->
