<?xml version="1.0" encoding="UTF-8"?>
<!-- Generated by org.testng.reporters.JUnitReportReporter -->
<testsuite skipped="0" hostname="vicky-PC" name="com.db.qa.testCases.NewCheckingPageTest" tests="4" failures="0" timestamp="2020-06-12T20:27:23 IST" time="92.300" errors="0">
  <testcase name="validateNewCheckingPageURL" time="19.734" classname="com.db.qa.testCases.NewCheckingPageTest"/>
  <system-out/>
  <testcase name="validateTheText" time="20.509" classname="com.db.qa.testCases.NewCheckingPageTest"/>
  <system-out/>
  <testcase name="addNewChecking" time="25.216" classname="com.db.qa.testCases.NewCheckingPageTest"/>
  <system-out/>
  <testcase name="addNewChecking" time="26.841" classname="com.db.qa.testCases.NewCheckingPageTest"/>
  <system-out/>
</testsuite> <!-- com.db.qa.testCases.NewCheckingPageTest -->
