<?xml version="1.0" encoding="UTF-8"?>
<!-- Generated by org.testng.reporters.JUnitReportReporter -->
<testsuite skipped="0" hostname="vicky-PC" name="com.db.qa.testCases.NewCheckingPageTest" tests="4" failures="0" timestamp="2020-06-13T12:04:03 IST" time="118.579" errors="0">
  <testcase name="validateNewCheckingPageURL" time="19.761" classname="com.db.qa.testCases.NewCheckingPageTest"/>
  <system-out/>
  <testcase name="validateTheText" time="19.622" classname="com.db.qa.testCases.NewCheckingPageTest"/>
  <system-out/>
  <testcase name="addNewChecking" time="42.613" classname="com.db.qa.testCases.NewCheckingPageTest"/>
  <system-out/>
  <testcase name="addNewChecking" time="36.583" classname="com.db.qa.testCases.NewCheckingPageTest"/>
  <system-out/>
</testsuite> <!-- com.db.qa.testCases.NewCheckingPageTest -->
