<?xml version="1.0" encoding="UTF-8"?>
<!-- Generated by org.testng.reporters.JUnitReportReporter -->
<testsuite skipped="0" hostname="vicky-PC" name="com.db.qa.testCases.LoginPageTest" tests="3" failures="0" timestamp="2020-06-14T12:06:54 IST" time="36.598" errors="0">
  <testcase name="validatePageURL" time="10.181" classname="com.db.qa.testCases.LoginPageTest"/>
  <system-out/>
  <testcase name="validatePageTitle" time="11.191" classname="com.db.qa.testCases.LoginPageTest"/>
  <system-out/>
  <testcase name="loginTest" time="15.226" classname="com.db.qa.testCases.LoginPageTest"/>
  <system-out/>
</testsuite> <!-- com.db.qa.testCases.LoginPageTest -->
