<?xml version="1.0" encoding="UTF-8"?>
<!-- Generated by org.testng.reporters.JUnitReportReporter -->
<testsuite skipped="0" hostname="vicky-PC" name="com.db.qa.testCases.WithdrawPageTest" tests="3" failures="0" timestamp="2020-06-14T11:50:02 IST" time="98.838" errors="0">
  <testcase name="withdrawPageURLTest" time="19.690" classname="com.db.qa.testCases.WithdrawPageTest"/>
  <system-out/>
  <testcase name="verifyTextOnWithdwarPageTest" time="23.803" classname="com.db.qa.testCases.WithdrawPageTest"/>
  <system-out/>
  <testcase name="verifyWithdrawFromAccountTest" time="55.345" classname="com.db.qa.testCases.WithdrawPageTest"/>
  <system-out/>
</testsuite> <!-- com.db.qa.testCases.WithdrawPageTest -->
