<?xml version="1.0" encoding="UTF-8"?>
<!-- Generated by org.testng.reporters.JUnitReportReporter -->
<testsuite skipped="0" hostname="vicky-PC" name="com.db.qa.testCases.LoginPageTest" tests="3" failures="0" timestamp="2020-06-14T12:26:03 IST" time="37.959" errors="0">
  <testcase name="validatePageURL" time="9.857" classname="com.db.qa.testCases.LoginPageTest"/>
  <system-out/>
  <testcase name="validatePageTitle" time="9.165" classname="com.db.qa.testCases.LoginPageTest"/>
  <system-out/>
  <testcase name="loginTest" time="18.937" classname="com.db.qa.testCases.LoginPageTest"/>
  <system-out/>
</testsuite> <!-- com.db.qa.testCases.LoginPageTest -->
