<?xml version="1.0" encoding="UTF-8"?>
<!-- Generated by org.testng.reporters.JUnitReportReporter -->
<testsuite skipped="0" hostname="vicky-PC" name="com.db.qa.testCases.LoginPageTest" tests="3" failures="0" timestamp="2020-06-14T16:52:05 IST" time="49.263" errors="0">
  <testcase name="validatePageURL" time="12.414" classname="com.db.qa.testCases.LoginPageTest"/>
  <system-out/>
  <testcase name="validatePageTitle" time="10.417" classname="com.db.qa.testCases.LoginPageTest"/>
  <system-out/>
  <testcase name="loginTest" time="26.432" classname="com.db.qa.testCases.LoginPageTest"/>
  <system-out/>
</testsuite> <!-- com.db.qa.testCases.LoginPageTest -->
